<?xml version="1.0" encoding="UTF-8"?>
<testng-results total="2" passed="2" failed="0" skipped="0">
  <reporter-output>
  </reporter-output>
  <suite started-at="2025-02-26T02:45:02Z" name="Surefire suite" finished-at="2025-02-26T02:45:02Z" duration-ms="16">
    <groups>
    </groups>
    <test started-at="2025-02-26T02:45:02Z" name="Surefire test" finished-at="2025-02-26T02:45:02Z" duration-ms="16">
      <class name="test.com.itexps.CalculatorTest">
        <test-method is-config="true" signature="setUpClass()[pri:0, instance:test.com.itexps.CalculatorTest@5cdd8682]" started-at="2025-02-25T20:45:02Z" name="setUpClass" finished-at="2025-02-25T20:45:02Z" duration-ms="16" status="PASS">
          <reporter-output>
          </reporter-output>
        </test-method> <!-- setUpClass -->
        <test-method is-config="true" signature="tearDownMethod()[pri:0, instance:test.com.itexps.CalculatorTest@5cdd8682]" started-at="2025-02-25T20:45:02Z" name="tearDownMethod" finished-at="2025-02-25T20:45:02Z" duration-ms="0" status="PASS">
          <reporter-output>
          </reporter-output>
        </test-method> <!-- tearDownMethod -->
        <test-method signature="testAdd()[pri:0, instance:test.com.itexps.CalculatorTest@5cdd8682]" started-at="2025-02-25T20:45:02Z" name="testAdd" finished-at="2025-02-25T20:45:02Z" duration-ms="0" status="PASS">
          <reporter-output>
          </reporter-output>
        </test-method> <!-- testAdd -->
        <test-method is-config="true" signature="setUpMethod()[pri:0, instance:test.com.itexps.CalculatorTest@5cdd8682]" started-at="2025-02-25T20:45:02Z" name="setUpMethod" finished-at="2025-02-25T20:45:02Z" duration-ms="0" status="PASS">
          <reporter-output>
          </reporter-output>
        </test-method> <!-- setUpMethod -->
        <test-method signature="testMul()[pri:0, instance:test.com.itexps.CalculatorTest@5cdd8682]" started-at="2025-02-25T20:45:02Z" name="testMul" finished-at="2025-02-25T20:45:02Z" duration-ms="0" status="PASS">
          <reporter-output>
          </reporter-output>
        </test-method> <!-- testMul -->
        <test-method is-config="true" signature="tearDownClass()[pri:0, instance:test.com.itexps.CalculatorTest@5cdd8682]" started-at="2025-02-25T20:45:02Z" name="tearDownClass" finished-at="2025-02-25T20:45:02Z" duration-ms="0" status="PASS">
          <reporter-output>
          </reporter-output>
        </test-method> <!-- tearDownClass -->
        <test-method is-config="true" signature="tearDownMethod()[pri:0, instance:test.com.itexps.CalculatorTest@5cdd8682]" started-at="2025-02-25T20:45:02Z" name="tearDownMethod" finished-at="2025-02-25T20:45:02Z" duration-ms="0" status="PASS">
          <reporter-output>
          </reporter-output>
        </test-method> <!-- tearDownMethod -->
        <test-method is-config="true" signature="setUpMethod()[pri:0, instance:test.com.itexps.CalculatorTest@5cdd8682]" started-at="2025-02-25T20:45:02Z" name="setUpMethod" finished-at="2025-02-25T20:45:02Z" duration-ms="0" status="PASS">
          <reporter-output>
          </reporter-output>
        </test-method> <!-- setUpMethod -->
      </class> <!-- test.com.itexps.CalculatorTest -->
    </test> <!-- Surefire test -->
  </suite> <!-- Surefire suite -->
</testng-results>
